<?xml version="1.0" encoding="UTF-8"?>
<coverage generated="1564426932280" clover="3.2.0">
  <project timestamp="1564426932280" name="All files">
    <metrics statements="35" coveredstatements="35" conditionals="20" coveredconditionals="20" methods="2" coveredmethods="2" elements="57" coveredelements="57" complexity="0" loc="35" ncloc="35" packages="1" files="2" classes="2"/>
    <file name="caesarCypher.js" path="/Users/ghaiat/Documents/codingChallenges/caesarCypher.js">
      <metrics statements="23" coveredstatements="23" conditionals="14" coveredconditionals="14" methods="1" coveredmethods="1"/>
      <line num="3" count="11" type="cond" truecount="2" falsecount="0"/>
      <line num="4" count="1" type="stmt"/>
      <line num="6" count="10" type="stmt"/>
      <line num="7" count="10" type="stmt"/>
      <line num="8" count="10" type="stmt"/>
      <line num="9" count="10" type="stmt"/>
      <line num="10" count="10" type="stmt"/>
      <line num="12" count="10" type="stmt"/>
      <line num="13" count="10" type="stmt"/>
      <line num="14" count="10" type="stmt"/>
      <line num="15" count="332" type="stmt"/>
      <line num="16" count="332" type="stmt"/>
      <line num="17" count="332" type="cond" truecount="4" falsecount="0"/>
      <line num="18" count="226" type="cond" truecount="2" falsecount="0"/>
      <line num="19" count="34" type="stmt"/>
      <line num="21" count="226" type="stmt"/>
      <line num="23" count="106" type="cond" truecount="4" falsecount="0"/>
      <line num="24" count="26" type="cond" truecount="2" falsecount="0"/>
      <line num="25" count="1" type="stmt"/>
      <line num="27" count="26" type="stmt"/>
      <line num="30" count="80" type="stmt"/>
      <line num="33" count="10" type="stmt"/>
      <line num="37" count="1" type="stmt"/>
    </file>
    <file name="camelcase.js" path="/Users/ghaiat/Documents/codingChallenges/camelcase.js">
      <metrics statements="12" coveredstatements="12" conditionals="6" coveredconditionals="6" methods="1" coveredmethods="1"/>
      <line num="1" count="1" type="stmt"/>
      <line num="2" count="1" type="stmt"/>
      <line num="3" count="1" type="stmt"/>
      <line num="4" count="1" type="stmt"/>
      <line num="7" count="9" type="cond" truecount="2" falsecount="0"/>
      <line num="8" count="1" type="stmt"/>
      <line num="11" count="8" type="stmt"/>
      <line num="12" count="8" type="stmt"/>
      <line num="13" count="210" type="stmt"/>
      <line num="14" count="210" type="cond" truecount="4" falsecount="0"/>
      <line num="15" count="53" type="stmt"/>
      <line num="18" count="8" type="stmt"/>
    </file>
  </project>
</coverage>
