{"/Users/ghaiat/Documents/codingChallenges/caesarCypher.js": {"path":"/Users/ghaiat/Documents/codingChallenges/caesarCypher.js","statementMap":{"0":{"start":{"line":3,"column":4},"end":{"line":5,"column":5}},"1":{"start":{"line":4,"column":8},"end":{"line":4,"column":22}},"2":{"start":{"line":6,"column":23},"end":{"line":6,"column":25}},"3":{"start":{"line":7,"column":28},"end":{"line":7,"column":45}},"4":{"start":{"line":8,"column":28},"end":{"line":8,"column":45}},"5":{"start":{"line":9,"column":28},"end":{"line":9,"column":45}},"6":{"start":{"line":10,"column":28},"end":{"line":10,"column":45}},"7":{"start":{"line":12,"column":4},"end":{"line":12,"column":25}},"8":{"start":{"line":13,"column":20},"end":{"line":13,"column":22}},"9":{"start":{"line":14,"column":4},"end":{"line":32,"column":5}},"10":{"start":{"line":14,"column":16},"end":{"line":14,"column":17}},"11":{"start":{"line":15,"column":25},"end":{"line":15,"column":45}},"12":{"start":{"line":16,"column":19},"end":{"line":16,"column":36}},"13":{"start":{"line":17,"column":8},"end":{"line":31,"column":9}},"14":{"start":{"line":18,"column":12},"end":{"line":20,"column":13}},"15":{"start":{"line":19,"column":16},"end":{"line":19,"column":67}},"16":{"start":{"line":21,"column":12},"end":{"line":21,"column":51}},"17":{"start":{"line":23,"column":13},"end":{"line":31,"column":9}},"18":{"start":{"line":24,"column":12},"end":{"line":26,"column":13}},"19":{"start":{"line":25,"column":16},"end":{"line":25,"column":66}},"20":{"start":{"line":27,"column":12},"end":{"line":27,"column":51}},"21":{"start":{"line":30,"column":12},"end":{"line":30,"column":35}},"22":{"start":{"line":33,"column":4},"end":{"line":33,"column":21}},"23":{"start":{"line":37,"column":0},"end":{"line":37,"column":33}}},"fnMap":{"0":{"name":"caesarCypher","decl":{"start":{"line":2,"column":16},"end":{"line":2,"column":28}},"loc":{"start":{"line":2,"column":45},"end":{"line":35,"column":1}},"line":2}},"branchMap":{"0":{"loc":{"start":{"line":3,"column":4},"end":{"line":5,"column":5}},"type":"if","locations":[{"start":{"line":3,"column":4},"end":{"line":5,"column":5}},{"start":{"line":3,"column":4},"end":{"line":5,"column":5}}],"line":3},"1":{"loc":{"start":{"line":17,"column":8},"end":{"line":31,"column":9}},"type":"if","locations":[{"start":{"line":17,"column":8},"end":{"line":31,"column":9}},{"start":{"line":17,"column":8},"end":{"line":31,"column":9}}],"line":17},"2":{"loc":{"start":{"line":17,"column":12},"end":{"line":17,"column":70}},"type":"binary-expr","locations":[{"start":{"line":17,"column":12},"end":{"line":17,"column":39}},{"start":{"line":17,"column":43},"end":{"line":17,"column":70}}],"line":17},"3":{"loc":{"start":{"line":18,"column":12},"end":{"line":20,"column":13}},"type":"if","locations":[{"start":{"line":18,"column":12},"end":{"line":20,"column":13}},{"start":{"line":18,"column":12},"end":{"line":20,"column":13}}],"line":18},"4":{"loc":{"start":{"line":23,"column":13},"end":{"line":31,"column":9}},"type":"if","locations":[{"start":{"line":23,"column":13},"end":{"line":31,"column":9}},{"start":{"line":23,"column":13},"end":{"line":31,"column":9}}],"line":23},"5":{"loc":{"start":{"line":23,"column":17},"end":{"line":23,"column":75}},"type":"binary-expr","locations":[{"start":{"line":23,"column":17},"end":{"line":23,"column":44}},{"start":{"line":23,"column":48},"end":{"line":23,"column":75}}],"line":23},"6":{"loc":{"start":{"line":24,"column":12},"end":{"line":26,"column":13}},"type":"if","locations":[{"start":{"line":24,"column":12},"end":{"line":26,"column":13}},{"start":{"line":24,"column":12},"end":{"line":26,"column":13}}],"line":24}},"s":{"0":11,"1":1,"2":10,"3":10,"4":10,"5":10,"6":10,"7":10,"8":10,"9":10,"10":10,"11":332,"12":332,"13":332,"14":226,"15":34,"16":226,"17":106,"18":26,"19":1,"20":26,"21":80,"22":10,"23":1},"f":{"0":11},"b":{"0":[1,10],"1":[226,106],"2":[332,226],"3":[34,192],"4":[26,80],"5":[106,28],"6":[1,25]},"_coverageSchema":"43e27e138ebf9cfc5966b082cf9a028302ed4184","hash":"c6f9a68a68e1a45f0b7390f28175dd4ac8c18b14"}
,"/Users/ghaiat/Documents/codingChallenges/camelcase.js": {"path":"/Users/ghaiat/Documents/codingChallenges/camelcase.js","statementMap":{"0":{"start":{"line":1,"column":24},"end":{"line":1,"column":41}},"1":{"start":{"line":2,"column":24},"end":{"line":2,"column":41}},"2":{"start":{"line":3,"column":24},"end":{"line":3,"column":41}},"3":{"start":{"line":4,"column":24},"end":{"line":4,"column":41}},"4":{"start":{"line":7,"column":4},"end":{"line":9,"column":5}},"5":{"start":{"line":8,"column":8},"end":{"line":8,"column":17}},"6":{"start":{"line":11,"column":21},"end":{"line":11,"column":22}},"7":{"start":{"line":12,"column":4},"end":{"line":17,"column":5}},"8":{"start":{"line":12,"column":17},"end":{"line":12,"column":18}},"9":{"start":{"line":13,"column":26},"end":{"line":13,"column":43}},"10":{"start":{"line":14,"column":8},"end":{"line":16,"column":9}},"11":{"start":{"line":15,"column":12},"end":{"line":15,"column":25}},"12":{"start":{"line":18,"column":4},"end":{"line":18,"column":22}}},"fnMap":{"0":{"name":"camelCase","decl":{"start":{"line":6,"column":16},"end":{"line":6,"column":25}},"loc":{"start":{"line":6,"column":31},"end":{"line":19,"column":1}},"line":6}},"branchMap":{"0":{"loc":{"start":{"line":7,"column":4},"end":{"line":9,"column":5}},"type":"if","locations":[{"start":{"line":7,"column":4},"end":{"line":9,"column":5}},{"start":{"line":7,"column":4},"end":{"line":9,"column":5}}],"line":7},"1":{"loc":{"start":{"line":14,"column":8},"end":{"line":16,"column":9}},"type":"if","locations":[{"start":{"line":14,"column":8},"end":{"line":16,"column":9}},{"start":{"line":14,"column":8},"end":{"line":16,"column":9}}],"line":14},"2":{"loc":{"start":{"line":14,"column":12},"end":{"line":14,"column":70}},"type":"binary-expr","locations":[{"start":{"line":14,"column":12},"end":{"line":14,"column":39}},{"start":{"line":14,"column":43},"end":{"line":14,"column":70}}],"line":14}},"s":{"0":1,"1":1,"2":1,"3":1,"4":9,"5":1,"6":8,"7":8,"8":8,"9":210,"10":210,"11":53,"12":8},"f":{"0":9},"b":{"0":[1,8],"1":[53,157],"2":[210,210]},"_coverageSchema":"43e27e138ebf9cfc5966b082cf9a028302ed4184","hash":"d2223a8882592403c6b6fae65950486303cd247f"}
}
