TN:
SF:/Users/ghaiat/Documents/codingChallenges/caesarCypher.js
FN:2,caesarCypher
FNF:1
FNH:1
FNDA:11,caesarCypher
DA:3,11
DA:4,1
DA:6,10
DA:7,10
DA:8,10
DA:9,10
DA:10,10
DA:12,10
DA:13,10
DA:14,10
DA:15,332
DA:16,332
DA:17,332
DA:18,226
DA:19,34
DA:21,226
DA:23,106
DA:24,26
DA:25,1
DA:27,26
DA:30,80
DA:33,10
DA:37,1
LF:23
LH:23
BRDA:3,0,0,1
BRDA:3,0,1,10
BRDA:17,1,0,226
BRDA:17,1,1,106
BRDA:17,2,0,332
BRDA:17,2,1,226
BRDA:18,3,0,34
BRDA:18,3,1,192
BRDA:23,4,0,26
BRDA:23,4,1,80
BRDA:23,5,0,106
BRDA:23,5,1,28
BRDA:24,6,0,1
BRDA:24,6,1,25
BRF:14
BRH:14
end_of_record
TN:
SF:/Users/ghaiat/Documents/codingChallenges/camelcase.js
FN:6,camelCase
FNF:1
FNH:1
FNDA:9,camelCase
DA:1,1
DA:2,1
DA:3,1
DA:4,1
DA:7,9
DA:8,1
DA:11,8
DA:12,8
DA:13,210
DA:14,210
DA:15,53
DA:18,8
LF:12
LH:12
BRDA:7,0,0,1
BRDA:7,0,1,8
BRDA:14,1,0,53
BRDA:14,1,1,157
BRDA:14,2,0,210
BRDA:14,2,1,210
BRF:6
BRH:6
end_of_record
